+ exec gosu vibecode scripts/start --hot
Installing dependencies and generating Prisma client...
[0.04ms] ".env"
bun install v1.2.19 (aad3abea)
Resolving dependencies
Resolved, downloaded and extracted [500]
Saved lockfile

$ prisma generate
Environment variables loaded from .env
Prisma schema loaded from prisma/schema.prisma

✔ Generated Prisma Client (v6.17.1) to ./generated/prisma in 362ms

Start by importing your Prisma Client (See: https://pris.ly/d/importing-client)

Tip: Want to turn off tips and other hints? https://pris.ly/tip-4-nohints


+ @types/bun@1.2.23

38 packages installed [2.83s]
Starting server in dev mode with hot reload...
$ NODE_ENV=development bun run --hot src/index.ts
error: Cannot find module '@/shared/contracts' from '/home/user/workspace/backend/src/routes/auth.ts'
error: Cannot find module '@/shared/contracts' from '/home/user/workspace/backend/src/routes/auth.ts'
error: Cannot find module '@/shared/contracts' from '/home/user/workspace/backend/src/routes/live.ts'
